-------------------------------------------------------------------------------
Test set: com.us.shipwreck.ShipwreckControllerTest
-------------------------------------------------------------------------------
Tests run: 1, Failures: 0, Errors: 1, Skipped: 0, Time elapsed: 0.005 sec <<< FAILURE! - in com.us.shipwreck.ShipwreckControllerTest
shipwreckController(com.us.shipwreck.ShipwreckControllerTest)  Time elapsed: 0.001 sec  <<< ERROR!
java.lang.NullPointerException: null
	at com.us.shipwreck.ShipwreckControllerTest.shipwreckController(ShipwreckControllerTest.java:20)

